<?xml version="1.0" encoding="UTF-8"?>
<!-- Generated by org.testng.reporters.JUnitXMLReporter -->
<testsuite hostname="PAKU-BLR-01" ignored="0" name="My TESTNG SUITE 2022" tests="14" failures="0" timestamp="12 Sep 2022 05:54:22 GMT" time="137.161" errors="0">
  <testcase name="googleTitleTest" time="0.01" classname="TestNGConcepts.FirstTestNgDemo"/>
  <testcase name="loginTest" time="11.269" classname="TestNGConcepts.DataProviderConcept"/>
  <testcase name="loginTest" time="5.07" classname="TestNGConcepts.DataProviderConcept"/>
  <testcase name="loginTest" time="5.108" classname="TestNGConcepts.DataProviderConcept"/>
  <testcase name="loginTest" time="5.054" classname="TestNGConcepts.DataProviderConcept"/>
  <testcase name="loginTest" time="7.413" classname="TestNGConcepts.DataProviderConcept"/>
  <testcase name="titleTest" time="0.023" classname="TestNGConcepts.AnnotationsGoogleTest"/>
  <testcase name="linkTest" time="0.105" classname="TestNGConcepts.AnnotationsGoogleTest"/>
  <testcase name="logoTest" time="0.116" classname="TestNGConcepts.AnnotationsGoogleTest"/>
  <testcase name="test1" time="0.002" classname="TestNGConcepts.AnnotationsGoogleTest"/>
  <testcase name="test2" time="0.002" classname="TestNGConcepts.AnnotationsGoogleTest"/>
  <testcase name="test3" time="0.001" classname="TestNGConcepts.AnnotationsGoogleTest"/>
  <testcase name="test4" time="0.002" classname="TestNGConcepts.AnnotationsGoogleTest"/>
  <testcase name="test5" time="0.001" classname="TestNGConcepts.AnnotationsGoogleTest"/>
</testsuite> <!-- My TESTNG SUITE 2022 -->
