<?xml version="1.0" encoding="UTF-8"?>
<!-- Generated by org.testng.reporters.JUnitXMLReporter -->
<testsuite hostname="PAKU-BLR-01" ignored="0" name="Test login feature for CRMPRO 1" tests="1" failures="0" timestamp="15 Sep 2022 12:31:28 GMT" time="0.026" errors="0">
  <testcase name="@AfterMethod teardown" time="0.0" classname="TestNGConcepts.ParametersInTestNG">
    <failure type="java.lang.NullPointerException">
      <![CDATA[java.lang.NullPointerException
	at TestNGConcepts.ParametersInTestNG.teardown(ParametersInTestNG.java:93)
... Removed 27 stack frames]]>
    </failure>
  </testcase> <!-- @AfterMethod teardown -->
  <testcase name="loginTest" time="0.002" classname="TestNGConcepts.ParametersInTestNG"/>
</testsuite> <!-- Test login feature for CRMPRO 1 -->
