<?xml version="1.0" encoding="UTF-8"?>
<testng-results skipped="0" failed="1" ignored="0" total="5" passed="4">
  <reporter-output>
  </reporter-output>
  <suite name="Default suite" duration-ms="85520" started-at="2022-10-19T10:08:05Z" finished-at="2022-10-19T10:09:30Z">
    <groups>
    </groups>
    <test name="Default test" duration-ms="85520" started-at="2022-10-19T10:08:05Z" finished-at="2022-10-19T10:09:30Z">
      <class name="TestNgRevision.DataProviderTestNgWithExcel_9">
        <test-method status="PASS" signature="setup()[pri:0, instance:TestNgRevision.DataProviderTestNgWithExcel_9@612fc6eb]" name="setup" is-config="true" duration-ms="14578" started-at="2022-10-19T15:38:10Z" finished-at="2022-10-19T15:38:25Z">
          <reporter-output>
          </reporter-output>
        </test-method> <!-- setup -->
        <test-method status="PASS" signature="loginTest(java.lang.String, java.lang.String, java.lang.String)[pri:0, instance:TestNgRevision.DataProviderTestNgWithExcel_9@612fc6eb]" name="loginTest" duration-ms="7367" started-at="2022-10-19T15:38:25Z" data-provider="TestData" finished-at="2022-10-19T15:38:32Z">
          <params>
            <param index="0">
              <value>
                <![CDATA[pankaj99]]>
              </value>
            </param>
            <param index="1">
              <value>
                <![CDATA[Admin@12345]]>
              </value>
            </param>
            <param index="2">
              <value>
                <![CDATA[Valid]]>
              </value>
            </param>
          </params>
          <reporter-output>
          </reporter-output>
        </test-method> <!-- loginTest -->
        <test-method status="PASS" signature="teardown()[pri:0, instance:TestNgRevision.DataProviderTestNgWithExcel_9@612fc6eb]" name="teardown" is-config="true" duration-ms="1256" started-at="2022-10-19T15:38:32Z" finished-at="2022-10-19T15:38:33Z">
          <reporter-output>
          </reporter-output>
        </test-method> <!-- teardown -->
        <test-method status="PASS" signature="setup()[pri:0, instance:TestNgRevision.DataProviderTestNgWithExcel_9@612fc6eb]" name="setup" is-config="true" duration-ms="9371" started-at="2022-10-19T15:38:33Z" finished-at="2022-10-19T15:38:43Z">
          <reporter-output>
          </reporter-output>
        </test-method> <!-- setup -->
        <test-method status="PASS" signature="loginTest(java.lang.String, java.lang.String, java.lang.String)[pri:0, instance:TestNgRevision.DataProviderTestNgWithExcel_9@612fc6eb]" name="loginTest" duration-ms="3558" started-at="2022-10-19T15:38:43Z" data-provider="TestData" finished-at="2022-10-19T15:38:46Z">
          <params>
            <param index="0">
              <value>
                <![CDATA[pankaj99]]>
              </value>
            </param>
            <param index="1">
              <value>
                <![CDATA[Pass@1234]]>
              </value>
            </param>
            <param index="2">
              <value>
                <![CDATA[Invalid]]>
              </value>
            </param>
          </params>
          <reporter-output>
          </reporter-output>
        </test-method> <!-- loginTest -->
        <test-method status="PASS" signature="teardown()[pri:0, instance:TestNgRevision.DataProviderTestNgWithExcel_9@612fc6eb]" name="teardown" is-config="true" duration-ms="1658" started-at="2022-10-19T15:38:46Z" finished-at="2022-10-19T15:38:48Z">
          <reporter-output>
          </reporter-output>
        </test-method> <!-- teardown -->
        <test-method status="PASS" signature="setup()[pri:0, instance:TestNgRevision.DataProviderTestNgWithExcel_9@612fc6eb]" name="setup" is-config="true" duration-ms="8538" started-at="2022-10-19T15:38:48Z" finished-at="2022-10-19T15:38:56Z">
          <reporter-output>
          </reporter-output>
        </test-method> <!-- setup -->
        <test-method status="PASS" signature="loginTest(java.lang.String, java.lang.String, java.lang.String)[pri:0, instance:TestNgRevision.DataProviderTestNgWithExcel_9@612fc6eb]" name="loginTest" duration-ms="2291" started-at="2022-10-19T15:38:56Z" data-provider="TestData" finished-at="2022-10-19T15:38:59Z">
          <params>
            <param index="0">
              <value>
                <![CDATA[pankaj100]]>
              </value>
            </param>
            <param index="1">
              <value>
                <![CDATA[Test@123]]>
              </value>
            </param>
            <param index="2">
              <value>
                <![CDATA[Invalid]]>
              </value>
            </param>
          </params>
          <reporter-output>
          </reporter-output>
        </test-method> <!-- loginTest -->
        <test-method status="PASS" signature="teardown()[pri:0, instance:TestNgRevision.DataProviderTestNgWithExcel_9@612fc6eb]" name="teardown" is-config="true" duration-ms="1741" started-at="2022-10-19T15:38:59Z" finished-at="2022-10-19T15:39:00Z">
          <reporter-output>
          </reporter-output>
        </test-method> <!-- teardown -->
        <test-method status="PASS" signature="setup()[pri:0, instance:TestNgRevision.DataProviderTestNgWithExcel_9@612fc6eb]" name="setup" is-config="true" duration-ms="9608" started-at="2022-10-19T15:39:00Z" finished-at="2022-10-19T15:39:10Z">
          <reporter-output>
          </reporter-output>
        </test-method> <!-- setup -->
        <test-method status="PASS" signature="loginTest(java.lang.String, java.lang.String, java.lang.String)[pri:0, instance:TestNgRevision.DataProviderTestNgWithExcel_9@612fc6eb]" name="loginTest" duration-ms="2608" started-at="2022-10-19T15:39:10Z" data-provider="TestData" finished-at="2022-10-19T15:39:13Z">
          <params>
            <param index="0">
              <value>
                <![CDATA[pankaj101]]>
              </value>
            </param>
            <param index="1">
              <value>
                <![CDATA[Test@12345]]>
              </value>
            </param>
            <param index="2">
              <value>
                <![CDATA[Invalid]]>
              </value>
            </param>
          </params>
          <reporter-output>
          </reporter-output>
        </test-method> <!-- loginTest -->
        <test-method status="PASS" signature="teardown()[pri:0, instance:TestNgRevision.DataProviderTestNgWithExcel_9@612fc6eb]" name="teardown" is-config="true" duration-ms="1482" started-at="2022-10-19T15:39:13Z" finished-at="2022-10-19T15:39:14Z">
          <reporter-output>
          </reporter-output>
        </test-method> <!-- teardown -->
        <test-method status="PASS" signature="setup()[pri:0, instance:TestNgRevision.DataProviderTestNgWithExcel_9@612fc6eb]" name="setup" is-config="true" duration-ms="8421" started-at="2022-10-19T15:39:14Z" finished-at="2022-10-19T15:39:23Z">
          <reporter-output>
          </reporter-output>
        </test-method> <!-- setup -->
        <test-method status="FAIL" signature="loginTest(java.lang.String, java.lang.String, java.lang.String)[pri:0, instance:TestNgRevision.DataProviderTestNgWithExcel_9@612fc6eb]" name="loginTest" duration-ms="6720" started-at="2022-10-19T15:39:23Z" data-provider="TestData" finished-at="2022-10-19T15:39:29Z">
          <params>
            <param index="0">
              <value>
                <![CDATA[Pankaj99]]>
              </value>
            </param>
            <param index="1">
              <value>
                <![CDATA[Admin@12345]]>
              </value>
            </param>
            <param index="2">
              <value>
                <![CDATA[Invalid]]>
              </value>
            </param>
          </params>
          <exception class="graphql.AssertException">
            <message>
              <![CDATA[condition expected to be true]]>
            </message>
            <full-stacktrace>
              <![CDATA[graphql.AssertException: condition expected to be true
	at graphql.Assert.assertTrue(Assert.java:85)
	at TestNgRevision.DataProviderTestNgWithExcel_9.loginTest(DataProviderTestNgWithExcel_9.java:64)
	at sun.reflect.NativeMethodAccessorImpl.invoke0(Native Method)
	at sun.reflect.NativeMethodAccessorImpl.invoke(NativeMethodAccessorImpl.java:62)
	at sun.reflect.DelegatingMethodAccessorImpl.invoke(DelegatingMethodAccessorImpl.java:43)
	at java.lang.reflect.Method.invoke(Method.java:498)
	at org.testng.internal.MethodInvocationHelper.invokeMethod(MethodInvocationHelper.java:104)
	at org.testng.internal.Invoker.invokeMethod(Invoker.java:645)
	at org.testng.internal.Invoker.invokeTestMethod(Invoker.java:851)
	at org.testng.internal.Invoker.invokeTestMethods(Invoker.java:1177)
	at org.testng.internal.TestMethodWorker.invokeTestMethods(TestMethodWorker.java:129)
	at org.testng.internal.TestMethodWorker.run(TestMethodWorker.java:112)
	at org.testng.TestRunner.privateRun(TestRunner.java:756)
	at org.testng.TestRunner.run(TestRunner.java:610)
	at org.testng.SuiteRunner.runTest(SuiteRunner.java:387)
	at org.testng.SuiteRunner.runSequentially(SuiteRunner.java:382)
	at org.testng.SuiteRunner.privateRun(SuiteRunner.java:340)
	at org.testng.SuiteRunner.run(SuiteRunner.java:289)
	at org.testng.SuiteRunnerWorker.runSuite(SuiteRunnerWorker.java:52)
	at org.testng.SuiteRunnerWorker.run(SuiteRunnerWorker.java:86)
	at org.testng.TestNG.runSuitesSequentially(TestNG.java:1293)
	at org.testng.TestNG.runSuitesLocally(TestNG.java:1218)
	at org.testng.TestNG.runSuites(TestNG.java:1133)
	at org.testng.TestNG.run(TestNG.java:1104)
	at org.testng.remote.AbstractRemoteTestNG.run(AbstractRemoteTestNG.java:132)
	at org.testng.remote.RemoteTestNG.initAndRun(RemoteTestNG.java:236)
	at org.testng.remote.RemoteTestNG.main(RemoteTestNG.java:81)
]]>
            </full-stacktrace>
          </exception> <!-- graphql.AssertException -->
          <reporter-output>
          </reporter-output>
        </test-method> <!-- loginTest -->
        <test-method status="PASS" signature="teardown()[pri:0, instance:TestNgRevision.DataProviderTestNgWithExcel_9@612fc6eb]" name="teardown" is-config="true" duration-ms="1163" started-at="2022-10-19T15:39:29Z" finished-at="2022-10-19T15:39:30Z">
          <reporter-output>
          </reporter-output>
        </test-method> <!-- teardown -->
      </class> <!-- TestNgRevision.DataProviderTestNgWithExcel_9 -->
    </test> <!-- Default test -->
  </suite> <!-- Default suite -->
</testng-results>
