<?xml version="1.0" encoding="UTF-8"?>
<testng-results skipped="0" failed="3" ignored="0" total="4" passed="1">
  <reporter-output>
  </reporter-output>
  <suite name="Suite" duration-ms="269595" started-at="2022-09-22T13:40:49Z" finished-at="2022-09-22T13:45:19Z">
    <groups>
    </groups>
    <test name="Test" duration-ms="269595" started-at="2022-09-22T13:40:49Z" finished-at="2022-09-22T13:45:19Z">
      <class name="Docker.TestOnDocker">
        <test-method status="FAIL" signature="Test1()[pri:0, instance:Docker.TestOnDocker@87f383f]" name="Test1" duration-ms="106233" started-at="2022-09-22T19:10:49Z" finished-at="2022-09-22T19:12:36Z">
          <exception class="org.openqa.selenium.SessionNotCreatedException">
            <message>
              <![CDATA[Could not start a new session. Response code 500. Message: Could not start a new session. Could not start a new session. Error while creating session with the driver service. Stopping driver service: Could not start a new session. Response code 500. Message: chrome not reachable
Build info: version: '4.4.0', revision: 'e5c75ed026a'
System info: host: '6b00f03d62ad', ip: '172.18.0.3', os.name: 'Linux', os.arch: 'amd64', os.version: '5.10.124-linuxkit', java.version: '11.0.16'
Driver info: driver.version: unknown
Build info: version: '4.4.0', revision: 'e5c75ed026a'
System info: host: '6b00f03d62ad', ip: '172.18.0.3', os.name: 'Linux', os.arch: 'amd64', os.version: '5.10.124-linuxkit', java.version: '11.0.16'
Driver info: driver.version: unknown
Build info: version: '4.4.0', revision: 'e5c75ed026a'
System info: host: '1a0deb0a303a', ip: '172.18.0.2', os.name: 'Linux', os.arch: 'amd64', os.version: '5.10.124-linuxkit', java.version: '11.0.16'
Driver info: driver.version: unknown
Build info: version: '4.4.0', revision: 'e5c75ed026a'
System info: host: 'PAKU-BLR-01', ip: '192.168.29.140', os.name: 'Windows 10', os.arch: 'amd64', os.version: '10.0', java.version: '1.8.0_152'
Driver info: org.openqa.selenium.remote.RemoteWebDriver
Command: [null, newSession {capabilities=[Capabilities {browserName: chrome}], desiredCapabilities=Capabilities {browserName: chrome}}]
Capabilities {}]]>
            </message>
            <full-stacktrace>
              <![CDATA[org.openqa.selenium.SessionNotCreatedException: Could not start a new session. Response code 500. Message: Could not start a new session. Could not start a new session. Error while creating session with the driver service. Stopping driver service: Could not start a new session. Response code 500. Message: chrome not reachable
Build info: version: '4.4.0', revision: 'e5c75ed026a'
System info: host: '6b00f03d62ad', ip: '172.18.0.3', os.name: 'Linux', os.arch: 'amd64', os.version: '5.10.124-linuxkit', java.version: '11.0.16'
Driver info: driver.version: unknown
Build info: version: '4.4.0', revision: 'e5c75ed026a'
System info: host: '6b00f03d62ad', ip: '172.18.0.3', os.name: 'Linux', os.arch: 'amd64', os.version: '5.10.124-linuxkit', java.version: '11.0.16'
Driver info: driver.version: unknown
Build info: version: '4.4.0', revision: 'e5c75ed026a'
System info: host: '1a0deb0a303a', ip: '172.18.0.2', os.name: 'Linux', os.arch: 'amd64', os.version: '5.10.124-linuxkit', java.version: '11.0.16'
Driver info: driver.version: unknown
Build info: version: '4.4.0', revision: 'e5c75ed026a'
System info: host: 'PAKU-BLR-01', ip: '192.168.29.140', os.name: 'Windows 10', os.arch: 'amd64', os.version: '10.0', java.version: '1.8.0_152'
Driver info: org.openqa.selenium.remote.RemoteWebDriver
Command: [null, newSession {capabilities=[Capabilities {browserName: chrome}], desiredCapabilities=Capabilities {browserName: chrome}}]
Capabilities {}
	at org.openqa.selenium.remote.ProtocolHandshake.createSession(ProtocolHandshake.java:144)
	at org.openqa.selenium.remote.ProtocolHandshake.createSession(ProtocolHandshake.java:102)
	at org.openqa.selenium.remote.ProtocolHandshake.createSession(ProtocolHandshake.java:67)
	at org.openqa.selenium.remote.HttpCommandExecutor.execute(HttpCommandExecutor.java:156)
	at org.openqa.selenium.remote.TracedCommandExecutor.execute(TracedCommandExecutor.java:51)
	at org.openqa.selenium.remote.RemoteWebDriver.execute(RemoteWebDriver.java:547)
	at org.openqa.selenium.remote.RemoteWebDriver.startSession(RemoteWebDriver.java:242)
	at org.openqa.selenium.remote.RemoteWebDriver.<init>(RemoteWebDriver.java:157)
	at org.openqa.selenium.remote.RemoteWebDriver.<init>(RemoteWebDriver.java:139)
	at Docker.TestOnDocker.Test1(TestOnDocker.java:26)
	at sun.reflect.NativeMethodAccessorImpl.invoke0(Native Method)
	at sun.reflect.NativeMethodAccessorImpl.invoke(NativeMethodAccessorImpl.java:62)
	at sun.reflect.DelegatingMethodAccessorImpl.invoke(DelegatingMethodAccessorImpl.java:43)
	at java.lang.reflect.Method.invoke(Method.java:498)
	at org.testng.internal.MethodInvocationHelper.invokeMethod(MethodInvocationHelper.java:104)
	at org.testng.internal.Invoker.invokeMethod(Invoker.java:645)
	at org.testng.internal.Invoker.invokeTestMethod(Invoker.java:851)
	at org.testng.internal.Invoker.invokeTestMethods(Invoker.java:1177)
	at org.testng.internal.TestMethodWorker.invokeTestMethods(TestMethodWorker.java:129)
	at org.testng.internal.TestMethodWorker.run(TestMethodWorker.java:112)
	at java.util.concurrent.ThreadPoolExecutor.runWorker(ThreadPoolExecutor.java:1149)
	at java.util.concurrent.ThreadPoolExecutor$Worker.run(ThreadPoolExecutor.java:624)
	at java.lang.Thread.run(Thread.java:748)
]]>
            </full-stacktrace>
          </exception> <!-- org.openqa.selenium.SessionNotCreatedException -->
          <reporter-output>
          </reporter-output>
        </test-method> <!-- Test1 -->
      </class> <!-- Docker.TestOnDocker -->
      <class name="Docker.TestOnDocker1">
        <test-method status="PASS" signature="Test1()[pri:0, instance:Docker.TestOnDocker1@6121c9d6]" name="Test1" duration-ms="269484" started-at="2022-09-22T19:10:49Z" finished-at="2022-09-22T19:15:19Z">
          <reporter-output>
          </reporter-output>
        </test-method> <!-- Test1 -->
      </class> <!-- Docker.TestOnDocker1 -->
      <class name="Docker.TestOnDocker2">
        <test-method status="FAIL" signature="Test1()[pri:0, instance:Docker.TestOnDocker2@4eb7f003]" name="Test1" duration-ms="185636" started-at="2022-09-22T19:10:49Z" finished-at="2022-09-22T19:13:55Z">
          <exception class="org.openqa.selenium.SessionNotCreatedException">
            <message>
              <![CDATA[Could not start a new session. Response code 500. Message: Could not start a new session. Could not start a new session. Error while creating session with the driver service. Stopping driver service: Could not start a new session. Response code 500. Message: unknown error: DevToolsActivePort file doesn't exist
Build info: version: '4.4.0', revision: 'e5c75ed026a'
System info: host: '776b3c0258cb', ip: '172.18.0.4', os.name: 'Linux', os.arch: 'amd64', os.version: '5.10.124-linuxkit', java.version: '11.0.16'
Driver info: driver.version: unknown
Build info: version: '4.4.0', revision: 'e5c75ed026a'
System info: host: '776b3c0258cb', ip: '172.18.0.4', os.name: 'Linux', os.arch: 'amd64', os.version: '5.10.124-linuxkit', java.version: '11.0.16'
Driver info: driver.version: unknown
Build info: version: '4.4.0', revision: 'e5c75ed026a'
System info: host: '1a0deb0a303a', ip: '172.18.0.2', os.name: 'Linux', os.arch: 'amd64', os.version: '5.10.124-linuxkit', java.version: '11.0.16'
Driver info: driver.version: unknown
Build info: version: '4.4.0', revision: 'e5c75ed026a'
System info: host: 'PAKU-BLR-01', ip: '192.168.29.140', os.name: 'Windows 10', os.arch: 'amd64', os.version: '10.0', java.version: '1.8.0_152'
Driver info: org.openqa.selenium.remote.RemoteWebDriver
Command: [null, newSession {capabilities=[Capabilities {browserName: MicrosoftEdge}], desiredCapabilities=Capabilities {browserName: MicrosoftEdge}}]
Capabilities {}]]>
            </message>
            <full-stacktrace>
              <![CDATA[org.openqa.selenium.SessionNotCreatedException: Could not start a new session. Response code 500. Message: Could not start a new session. Could not start a new session. Error while creating session with the driver service. Stopping driver service: Could not start a new session. Response code 500. Message: unknown error: DevToolsActivePort file doesn't exist
Build info: version: '4.4.0', revision: 'e5c75ed026a'
System info: host: '776b3c0258cb', ip: '172.18.0.4', os.name: 'Linux', os.arch: 'amd64', os.version: '5.10.124-linuxkit', java.version: '11.0.16'
Driver info: driver.version: unknown
Build info: version: '4.4.0', revision: 'e5c75ed026a'
System info: host: '776b3c0258cb', ip: '172.18.0.4', os.name: 'Linux', os.arch: 'amd64', os.version: '5.10.124-linuxkit', java.version: '11.0.16'
Driver info: driver.version: unknown
Build info: version: '4.4.0', revision: 'e5c75ed026a'
System info: host: '1a0deb0a303a', ip: '172.18.0.2', os.name: 'Linux', os.arch: 'amd64', os.version: '5.10.124-linuxkit', java.version: '11.0.16'
Driver info: driver.version: unknown
Build info: version: '4.4.0', revision: 'e5c75ed026a'
System info: host: 'PAKU-BLR-01', ip: '192.168.29.140', os.name: 'Windows 10', os.arch: 'amd64', os.version: '10.0', java.version: '1.8.0_152'
Driver info: org.openqa.selenium.remote.RemoteWebDriver
Command: [null, newSession {capabilities=[Capabilities {browserName: MicrosoftEdge}], desiredCapabilities=Capabilities {browserName: MicrosoftEdge}}]
Capabilities {}
	at org.openqa.selenium.remote.ProtocolHandshake.createSession(ProtocolHandshake.java:144)
	at org.openqa.selenium.remote.ProtocolHandshake.createSession(ProtocolHandshake.java:102)
	at org.openqa.selenium.remote.ProtocolHandshake.createSession(ProtocolHandshake.java:67)
	at org.openqa.selenium.remote.HttpCommandExecutor.execute(HttpCommandExecutor.java:156)
	at org.openqa.selenium.remote.TracedCommandExecutor.execute(TracedCommandExecutor.java:51)
	at org.openqa.selenium.remote.RemoteWebDriver.execute(RemoteWebDriver.java:547)
	at org.openqa.selenium.remote.RemoteWebDriver.startSession(RemoteWebDriver.java:242)
	at org.openqa.selenium.remote.RemoteWebDriver.<init>(RemoteWebDriver.java:157)
	at org.openqa.selenium.remote.RemoteWebDriver.<init>(RemoteWebDriver.java:139)
	at Docker.TestOnDocker2.Test1(TestOnDocker2.java:29)
	at sun.reflect.NativeMethodAccessorImpl.invoke0(Native Method)
	at sun.reflect.NativeMethodAccessorImpl.invoke(NativeMethodAccessorImpl.java:62)
	at sun.reflect.DelegatingMethodAccessorImpl.invoke(DelegatingMethodAccessorImpl.java:43)
	at java.lang.reflect.Method.invoke(Method.java:498)
	at org.testng.internal.MethodInvocationHelper.invokeMethod(MethodInvocationHelper.java:104)
	at org.testng.internal.Invoker.invokeMethod(Invoker.java:645)
	at org.testng.internal.Invoker.invokeTestMethod(Invoker.java:851)
	at org.testng.internal.Invoker.invokeTestMethods(Invoker.java:1177)
	at org.testng.internal.TestMethodWorker.invokeTestMethods(TestMethodWorker.java:129)
	at org.testng.internal.TestMethodWorker.run(TestMethodWorker.java:112)
	at java.util.concurrent.ThreadPoolExecutor.runWorker(ThreadPoolExecutor.java:1149)
	at java.util.concurrent.ThreadPoolExecutor$Worker.run(ThreadPoolExecutor.java:624)
	at java.lang.Thread.run(Thread.java:748)
]]>
            </full-stacktrace>
          </exception> <!-- org.openqa.selenium.SessionNotCreatedException -->
          <reporter-output>
          </reporter-output>
        </test-method> <!-- Test1 -->
      </class> <!-- Docker.TestOnDocker2 -->
      <class name="Docker.TestOnDocker3">
        <test-method status="FAIL" signature="Test1()[pri:0, instance:Docker.TestOnDocker3@76a3e297]" name="Test1" duration-ms="187189" started-at="2022-09-22T19:10:49Z" finished-at="2022-09-22T19:13:57Z">
          <exception class="org.openqa.selenium.SessionNotCreatedException">
            <message>
              <![CDATA[Could not start a new session. Possible causes are invalid address of the remote server or browser start-up failure.
Build info: version: '4.4.0', revision: 'e5c75ed026a'
System info: host: 'PAKU-BLR-01', ip: '192.168.29.140', os.name: 'Windows 10', os.arch: 'amd64', os.version: '10.0', java.version: '1.8.0_152'
Driver info: org.openqa.selenium.remote.RemoteWebDriver
Command: [null, newSession {capabilities=[Capabilities {browserName: chrome}], desiredCapabilities=Capabilities {browserName: chrome}}]
Capabilities {}]]>
            </message>
            <full-stacktrace>
              <![CDATA[org.openqa.selenium.SessionNotCreatedException: Could not start a new session. Possible causes are invalid address of the remote server or browser start-up failure.
Build info: version: '4.4.0', revision: 'e5c75ed026a'
System info: host: 'PAKU-BLR-01', ip: '192.168.29.140', os.name: 'Windows 10', os.arch: 'amd64', os.version: '10.0', java.version: '1.8.0_152'
Driver info: org.openqa.selenium.remote.RemoteWebDriver
Command: [null, newSession {capabilities=[Capabilities {browserName: chrome}], desiredCapabilities=Capabilities {browserName: chrome}}]
Capabilities {}
	at org.openqa.selenium.remote.RemoteWebDriver.execute(RemoteWebDriver.java:565)
	at org.openqa.selenium.remote.RemoteWebDriver.startSession(RemoteWebDriver.java:242)
	at org.openqa.selenium.remote.RemoteWebDriver.<init>(RemoteWebDriver.java:157)
	at org.openqa.selenium.remote.RemoteWebDriver.<init>(RemoteWebDriver.java:139)
	at Docker.TestOnDocker3.Test1(TestOnDocker3.java:26)
	at sun.reflect.NativeMethodAccessorImpl.invoke0(Native Method)
	at sun.reflect.NativeMethodAccessorImpl.invoke(NativeMethodAccessorImpl.java:62)
	at sun.reflect.DelegatingMethodAccessorImpl.invoke(DelegatingMethodAccessorImpl.java:43)
	at java.lang.reflect.Method.invoke(Method.java:498)
	at org.testng.internal.MethodInvocationHelper.invokeMethod(MethodInvocationHelper.java:104)
	at org.testng.internal.Invoker.invokeMethod(Invoker.java:645)
	at org.testng.internal.Invoker.invokeTestMethod(Invoker.java:851)
	at org.testng.internal.Invoker.invokeTestMethods(Invoker.java:1177)
	at org.testng.internal.TestMethodWorker.invokeTestMethods(TestMethodWorker.java:129)
	at org.testng.internal.TestMethodWorker.run(TestMethodWorker.java:112)
	at java.util.concurrent.ThreadPoolExecutor.runWorker(ThreadPoolExecutor.java:1149)
	at java.util.concurrent.ThreadPoolExecutor$Worker.run(ThreadPoolExecutor.java:624)
	at java.lang.Thread.run(Thread.java:748)
Caused by: java.lang.RuntimeException: NettyHttpHandler request execution error
	at org.openqa.selenium.remote.http.netty.NettyHttpHandler.makeCall(NettyHttpHandler.java:76)
	at org.openqa.selenium.remote.http.AddSeleniumUserAgent.lambda$apply$0(AddSeleniumUserAgent.java:42)
	at org.openqa.selenium.remote.http.Filter.lambda$andFinally$1(Filter.java:56)
	at org.openqa.selenium.remote.http.netty.NettyHttpHandler.execute(NettyHttpHandler.java:49)
	at org.openqa.selenium.remote.http.AddSeleniumUserAgent.lambda$apply$0(AddSeleniumUserAgent.java:42)
	at org.openqa.selenium.remote.http.Filter.lambda$andFinally$1(Filter.java:56)
	at org.openqa.selenium.remote.http.netty.NettyClient.execute(NettyClient.java:98)
	at org.openqa.selenium.remote.tracing.TracedHttpClient.execute(TracedHttpClient.java:55)
	at org.openqa.selenium.remote.ProtocolHandshake.createSession(ProtocolHandshake.java:120)
	at org.openqa.selenium.remote.ProtocolHandshake.createSession(ProtocolHandshake.java:102)
	at org.openqa.selenium.remote.ProtocolHandshake.createSession(ProtocolHandshake.java:67)
	at org.openqa.selenium.remote.HttpCommandExecutor.execute(HttpCommandExecutor.java:156)
	at org.openqa.selenium.remote.TracedCommandExecutor.execute(TracedCommandExecutor.java:51)
	at org.openqa.selenium.remote.RemoteWebDriver.execute(RemoteWebDriver.java:547)
	... 17 more
Caused by: java.util.concurrent.ExecutionException: java.util.concurrent.TimeoutException: Request timeout to localhost/127.0.0.1:4444 after 180000 ms
	at java.util.concurrent.CompletableFuture.reportGet(CompletableFuture.java:357)
	at java.util.concurrent.CompletableFuture.get(CompletableFuture.java:1915)
	at org.asynchttpclient.netty.NettyResponseFuture.get(NettyResponseFuture.java:206)
	at org.openqa.selenium.remote.http.netty.NettyHttpHandler.makeCall(NettyHttpHandler.java:59)
	... 30 more
Caused by: java.util.concurrent.TimeoutException: Request timeout to localhost/127.0.0.1:4444 after 180000 ms
	at org.asynchttpclient.netty.timeout.TimeoutTimerTask.expire(TimeoutTimerTask.java:43)
	at org.asynchttpclient.netty.timeout.RequestTimeoutTimerTask.run(RequestTimeoutTimerTask.java:50)
	at io.netty.util.HashedWheelTimer$HashedWheelTimeout.run(HashedWheelTimer.java:715)
	at io.netty.util.concurrent.ImmediateExecutor.execute(ImmediateExecutor.java:34)
	at io.netty.util.HashedWheelTimer$HashedWheelTimeout.expire(HashedWheelTimer.java:703)
	at io.netty.util.HashedWheelTimer$HashedWheelBucket.expireTimeouts(HashedWheelTimer.java:790)
	at io.netty.util.HashedWheelTimer$Worker.run(HashedWheelTimer.java:503)
	at io.netty.util.concurrent.FastThreadLocalRunnable.run(FastThreadLocalRunnable.java:30)
	... 1 more
]]>
            </full-stacktrace>
          </exception> <!-- org.openqa.selenium.SessionNotCreatedException -->
          <reporter-output>
          </reporter-output>
        </test-method> <!-- Test1 -->
      </class> <!-- Docker.TestOnDocker3 -->
    </test> <!-- Test -->
  </suite> <!-- Suite -->
</testng-results>
