<?xml version="1.0" encoding="UTF-8"?>
<!-- Generated by org.testng.reporters.JUnitXMLReporter -->
<testsuite hostname="PAKU-BLR-01" ignored="0" name="Testing TestNg Features" tests="10" failures="0" timestamp="19 Oct 2022 05:54:58 GMT" time="63.167" errors="0">
  <testcase name="A" time="0.016" classname="TestNgRevision.GoogleAnnotationTesting"/>
  <testcase name="B" time="0.005" classname="TestNgRevision.GoogleAnnotationTesting"/>
  <testcase name="C" time="0.004" classname="TestNgRevision.GoogleAnnotationTesting"/>
  <testcase name="D" time="0.002" classname="TestNgRevision.GoogleAnnotationTesting"/>
  <testcase name="linkTest" time="0.149" classname="TestNgRevision.GoogleAnnotationTesting"/>
  <testcase name="logoTest" time="0.086" classname="TestNgRevision.GoogleAnnotationTesting"/>
  <testcase name="titleTest" time="0.021" classname="TestNgRevision.GoogleAnnotationTesting"/>
  <testcase name="title" time="0.002" classname="TestNgRevision.LearningAnotations"/>
  <testcase name="button" time="0.005" classname="TestNgRevision.LearningAnotations"/>
  <testcase name="link" time="0.002" classname="TestNgRevision.LearningAnotations"/>
</testsuite> <!-- Testing TestNg Features -->
